{"/Users/keerien/Documents/frontend/inna/Final_Progect/client/src/api/apiClient.js": {"path":"/Users/keerien/Documents/frontend/inna/Final_Progect/client/src/api/apiClient.js","statementMap":{"0":{"start":{"line":3,"column":12},"end":{"line":8,"column":2}},"1":{"start":{"line":10,"column":0},"end":{"line":22,"column":2}},"2":{"start":{"line":12,"column":18},"end":{"line":12,"column":47}},"3":{"start":{"line":14,"column":4},"end":{"line":16,"column":5}},"4":{"start":{"line":15,"column":6},"end":{"line":15,"column":55}},"5":{"start":{"line":17,"column":4},"end":{"line":17,"column":18}},"6":{"start":{"line":20,"column":4},"end":{"line":20,"column":33}},"7":{"start":{"line":24,"column":0},"end":{"line":32,"column":2}},"8":{"start":{"line":25,"column":16},"end":{"line":25,"column":24}},"9":{"start":{"line":27,"column":4},"end":{"line":29,"column":5}},"10":{"start":{"line":28,"column":6},"end":{"line":28,"column":39}},"11":{"start":{"line":30,"column":4},"end":{"line":30,"column":33}}},"fnMap":{"0":{"name":"(anonymous_0)","decl":{"start":{"line":11,"column":2},"end":{"line":11,"column":3}},"loc":{"start":{"line":11,"column":14},"end":{"line":18,"column":3}},"line":11},"1":{"name":"(anonymous_1)","decl":{"start":{"line":19,"column":2},"end":{"line":19,"column":3}},"loc":{"start":{"line":19,"column":13},"end":{"line":21,"column":3}},"line":19},"2":{"name":"(anonymous_2)","decl":{"start":{"line":25,"column":2},"end":{"line":25,"column":3}},"loc":{"start":{"line":25,"column":16},"end":{"line":25,"column":24}},"line":25},"3":{"name":"(anonymous_3)","decl":{"start":{"line":26,"column":2},"end":{"line":26,"column":3}},"loc":{"start":{"line":26,"column":13},"end":{"line":31,"column":3}},"line":26}},"branchMap":{"0":{"loc":{"start":{"line":14,"column":4},"end":{"line":16,"column":5}},"type":"if","locations":[{"start":{"line":14,"column":4},"end":{"line":16,"column":5}},{"start":{},"end":{}}],"line":14},"1":{"loc":{"start":{"line":27,"column":4},"end":{"line":29,"column":5}},"type":"if","locations":[{"start":{"line":27,"column":4},"end":{"line":29,"column":5}},{"start":{},"end":{}}],"line":27},"2":{"loc":{"start":{"line":27,"column":8},"end":{"line":27,"column":55}},"type":"binary-expr","locations":[{"start":{"line":27,"column":8},"end":{"line":27,"column":22}},{"start":{"line":27,"column":26},"end":{"line":27,"column":55}}],"line":27}},"s":{"0":1,"1":1,"2":0,"3":0,"4":0,"5":0,"6":0,"7":1,"8":0,"9":0,"10":0,"11":0},"f":{"0":0,"1":0,"2":0,"3":0},"b":{"0":[0,0],"1":[0,0],"2":[0,0]},"_coverageSchema":"1a1c01bbd47fc00a2c39e90264f33305004495a9","hash":"852049ad6c55c6c508b7c86087df0e93efb87be6"}
,"/Users/keerien/Documents/frontend/inna/Final_Progect/client/src/api/commentService.js": {"path":"/Users/keerien/Documents/frontend/inna/Final_Progect/client/src/api/commentService.js","statementMap":{"0":{"start":{"line":3,"column":36},"end":{"line":17,"column":1}},"1":{"start":{"line":4,"column":2},"end":{"line":6,"column":3}},"2":{"start":{"line":5,"column":4},"end":{"line":5,"column":71}},"3":{"start":{"line":8,"column":2},"end":{"line":16,"column":7}},"4":{"start":{"line":11,"column":6},"end":{"line":11,"column":22}},"5":{"start":{"line":14,"column":6},"end":{"line":14,"column":67}},"6":{"start":{"line":15,"column":6},"end":{"line":15,"column":58}},"7":{"start":{"line":19,"column":29},"end":{"line":22,"column":28}},"8":{"start":{"line":20,"column":2},"end":{"line":22,"column":28}},"9":{"start":{"line":22,"column":19},"end":{"line":22,"column":27}},"10":{"start":{"line":24,"column":29},"end":{"line":25,"column":69}},"11":{"start":{"line":25,"column":2},"end":{"line":25,"column":69}},"12":{"start":{"line":25,"column":60},"end":{"line":25,"column":68}},"13":{"start":{"line":27,"column":29},"end":{"line":28,"column":62}},"14":{"start":{"line":28,"column":2},"end":{"line":28,"column":62}},"15":{"start":{"line":28,"column":53},"end":{"line":28,"column":61}}},"fnMap":{"0":{"name":"(anonymous_0)","decl":{"start":{"line":3,"column":36},"end":{"line":3,"column":37}},"loc":{"start":{"line":3,"column":48},"end":{"line":17,"column":1}},"line":3},"1":{"name":"(anonymous_1)","decl":{"start":{"line":10,"column":10},"end":{"line":10,"column":11}},"loc":{"start":{"line":10,"column":19},"end":{"line":12,"column":5}},"line":10},"2":{"name":"(anonymous_2)","decl":{"start":{"line":13,"column":11},"end":{"line":13,"column":12}},"loc":{"start":{"line":13,"column":22},"end":{"line":16,"column":5}},"line":13},"3":{"name":"(anonymous_3)","decl":{"start":{"line":19,"column":29},"end":{"line":19,"column":30}},"loc":{"start":{"line":20,"column":2},"end":{"line":22,"column":28}},"line":20},"4":{"name":"(anonymous_4)","decl":{"start":{"line":22,"column":10},"end":{"line":22,"column":11}},"loc":{"start":{"line":22,"column":19},"end":{"line":22,"column":27}},"line":22},"5":{"name":"(anonymous_5)","decl":{"start":{"line":24,"column":29},"end":{"line":24,"column":30}},"loc":{"start":{"line":25,"column":2},"end":{"line":25,"column":69}},"line":25},"6":{"name":"(anonymous_6)","decl":{"start":{"line":25,"column":51},"end":{"line":25,"column":52}},"loc":{"start":{"line":25,"column":60},"end":{"line":25,"column":68}},"line":25},"7":{"name":"(anonymous_7)","decl":{"start":{"line":27,"column":29},"end":{"line":27,"column":30}},"loc":{"start":{"line":28,"column":2},"end":{"line":28,"column":62}},"line":28},"8":{"name":"(anonymous_8)","decl":{"start":{"line":28,"column":44},"end":{"line":28,"column":45}},"loc":{"start":{"line":28,"column":53},"end":{"line":28,"column":61}},"line":28}},"branchMap":{"0":{"loc":{"start":{"line":4,"column":2},"end":{"line":6,"column":3}},"type":"if","locations":[{"start":{"line":4,"column":2},"end":{"line":6,"column":3}},{"start":{},"end":{}}],"line":4}},"s":{"0":1,"1":0,"2":0,"3":0,"4":0,"5":0,"6":0,"7":1,"8":0,"9":0,"10":1,"11":0,"12":0,"13":1,"14":0,"15":0},"f":{"0":0,"1":0,"2":0,"3":0,"4":0,"5":0,"6":0,"7":0,"8":0},"b":{"0":[0,0]},"_coverageSchema":"1a1c01bbd47fc00a2c39e90264f33305004495a9","hash":"ec893ecfaaa7778a4df83b7c1083a59efce38fc0"}
,"/Users/keerien/Documents/frontend/inna/Final_Progect/client/src/components/Post/CreatePostForm.jsx": {"path":"/Users/keerien/Documents/frontend/inna/Final_Progect/client/src/components/Post/CreatePostForm.jsx","statementMap":{"0":{"start":{"line":5,"column":23},"end":{"line":107,"column":1}},"1":{"start":{"line":6,"column":32},"end":{"line":6,"column":44}},"2":{"start":{"line":7,"column":35},"end":{"line":7,"column":49}},"3":{"start":{"line":8,"column":36},"end":{"line":8,"column":51}},"4":{"start":{"line":9,"column":30},"end":{"line":9,"column":42}},"5":{"start":{"line":11,"column":19},"end":{"line":15,"column":3}},"6":{"start":{"line":12,"column":22},"end":{"line":12,"column":24}},"7":{"start":{"line":13,"column":4},"end":{"line":13,"column":68}},"8":{"start":{"line":13,"column":25},"end":{"line":13,"column":68}},"9":{"start":{"line":14,"column":4},"end":{"line":14,"column":21}},"10":{"start":{"line":17,"column":28},"end":{"line":35,"column":3}},"11":{"start":{"line":18,"column":17},"end":{"line":18,"column":34}},"12":{"start":{"line":19,"column":4},"end":{"line":19,"column":22}},"13":{"start":{"line":19,"column":15},"end":{"line":19,"column":22}},"14":{"start":{"line":21,"column":4},"end":{"line":21,"column":23}},"15":{"start":{"line":22,"column":4},"end":{"line":22,"column":52}},"16":{"start":{"line":22,"column":25},"end":{"line":22,"column":49}},"17":{"start":{"line":24,"column":4},"end":{"line":34,"column":5}},"18":{"start":{"line":25,"column":18},"end":{"line":25,"column":53}},"19":{"start":{"line":26,"column":6},"end":{"line":26,"column":23}},"20":{"start":{"line":28,"column":6},"end":{"line":31,"column":10}},"21":{"start":{"line":28,"column":27},"end":{"line":31,"column":7}},"22":{"start":{"line":33,"column":6},"end":{"line":33,"column":26}},"23":{"start":{"line":37,"column":23},"end":{"line":58,"column":3}},"24":{"start":{"line":38,"column":4},"end":{"line":38,"column":23}},"25":{"start":{"line":39,"column":29},"end":{"line":39,"column":39}},"26":{"start":{"line":41,"column":4},"end":{"line":44,"column":5}},"27":{"start":{"line":42,"column":6},"end":{"line":42,"column":34}},"28":{"start":{"line":43,"column":6},"end":{"line":43,"column":13}},"29":{"start":{"line":46,"column":20},"end":{"line":51,"column":5}},"30":{"start":{"line":53,"column":4},"end":{"line":53,"column":22}},"31":{"start":{"line":55,"column":4},"end":{"line":55,"column":19}},"32":{"start":{"line":56,"column":4},"end":{"line":56,"column":22}},"33":{"start":{"line":57,"column":4},"end":{"line":57,"column":18}},"34":{"start":{"line":60,"column":2},"end":{"line":106,"column":4}},"35":{"start":{"line":90,"column":27},"end":{"line":90,"column":53}},"36":{"start":{"line":109,"column":13},"end":{"line":118,"column":1}},"37":{"start":{"line":120,"column":14},"end":{"line":125,"column":1}},"38":{"start":{"line":127,"column":19},"end":{"line":133,"column":1}},"39":{"start":{"line":135,"column":17},"end":{"line":142,"column":1}},"40":{"start":{"line":144,"column":18},"end":{"line":146,"column":1}},"41":{"start":{"line":148,"column":21},"end":{"line":154,"column":1}},"42":{"start":{"line":156,"column":22},"end":{"line":160,"column":1}},"43":{"start":{"line":162,"column":23},"end":{"line":166,"column":1}},"44":{"start":{"line":168,"column":15},"end":{"line":186,"column":1}},"45":{"start":{"line":188,"column":21},"end":{"line":201,"column":1}},"46":{"start":{"line":203,"column":18},"end":{"line":207,"column":1}},"47":{"start":{"line":209,"column":20},"end":{"line":230,"column":1}}},"fnMap":{"0":{"name":"(anonymous_0)","decl":{"start":{"line":5,"column":23},"end":{"line":5,"column":24}},"loc":{"start":{"line":5,"column":71},"end":{"line":107,"column":1}},"line":5},"1":{"name":"(anonymous_1)","decl":{"start":{"line":11,"column":19},"end":{"line":11,"column":20}},"loc":{"start":{"line":11,"column":25},"end":{"line":15,"column":3}},"line":11},"2":{"name":"(anonymous_2)","decl":{"start":{"line":17,"column":28},"end":{"line":17,"column":29}},"loc":{"start":{"line":17,"column":41},"end":{"line":35,"column":3}},"line":17},"3":{"name":"(anonymous_3)","decl":{"start":{"line":22,"column":14},"end":{"line":22,"column":15}},"loc":{"start":{"line":22,"column":25},"end":{"line":22,"column":49}},"line":22},"4":{"name":"(anonymous_4)","decl":{"start":{"line":28,"column":16},"end":{"line":28,"column":17}},"loc":{"start":{"line":28,"column":27},"end":{"line":31,"column":7}},"line":28},"5":{"name":"(anonymous_5)","decl":{"start":{"line":37,"column":23},"end":{"line":37,"column":24}},"loc":{"start":{"line":37,"column":30},"end":{"line":58,"column":3}},"line":37},"6":{"name":"(anonymous_6)","decl":{"start":{"line":90,"column":20},"end":{"line":90,"column":21}},"loc":{"start":{"line":90,"column":27},"end":{"line":90,"column":53}},"line":90}},"branchMap":{"0":{"loc":{"start":{"line":13,"column":4},"end":{"line":13,"column":68}},"type":"if","locations":[{"start":{"line":13,"column":4},"end":{"line":13,"column":68}},{"start":{},"end":{}}],"line":13},"1":{"loc":{"start":{"line":19,"column":4},"end":{"line":19,"column":22}},"type":"if","locations":[{"start":{"line":19,"column":4},"end":{"line":19,"column":22}},{"start":{},"end":{}}],"line":19},"2":{"loc":{"start":{"line":30,"column":15},"end":{"line":30,"column":54}},"type":"binary-expr","locations":[{"start":{"line":30,"column":15},"end":{"line":30,"column":28}},{"start":{"line":30,"column":32},"end":{"line":30,"column":54}}],"line":30},"3":{"loc":{"start":{"line":41,"column":4},"end":{"line":44,"column":5}},"type":"if","locations":[{"start":{"line":41,"column":4},"end":{"line":44,"column":5}},{"start":{},"end":{}}],"line":41},"4":{"loc":{"start":{"line":64,"column":21},"end":{"line":64,"column":52}},"type":"binary-expr","locations":[{"start":{"line":64,"column":21},"end":{"line":64,"column":31}},{"start":{"line":64,"column":35},"end":{"line":64,"column":52}}],"line":64},"5":{"loc":{"start":{"line":79,"column":9},"end":{"line":79,"column":62}},"type":"binary-expr","locations":[{"start":{"line":79,"column":9},"end":{"line":79,"column":21}},{"start":{"line":79,"column":25},"end":{"line":79,"column":62}}],"line":79},"6":{"loc":{"start":{"line":81,"column":9},"end":{"line":81,"column":62}},"type":"binary-expr","locations":[{"start":{"line":81,"column":9},"end":{"line":81,"column":21}},{"start":{"line":81,"column":25},"end":{"line":81,"column":62}}],"line":81},"7":{"loc":{"start":{"line":83,"column":7},"end":{"line":83,"column":77}},"type":"binary-expr","locations":[{"start":{"line":83,"column":7},"end":{"line":83,"column":16}},{"start":{"line":83,"column":20},"end":{"line":83,"column":77}}],"line":83},"8":{"loc":{"start":{"line":85,"column":7},"end":{"line":85,"column":66}},"type":"binary-expr","locations":[{"start":{"line":85,"column":7},"end":{"line":85,"column":16}},{"start":{"line":85,"column":20},"end":{"line":85,"column":66}}],"line":85},"9":{"loc":{"start":{"line":94,"column":9},"end":{"line":94,"column":66}},"type":"binary-expr","locations":[{"start":{"line":94,"column":9},"end":{"line":94,"column":23}},{"start":{"line":94,"column":27},"end":{"line":94,"column":66}}],"line":94}},"s":{"0":1,"1":7,"2":7,"3":7,"4":7,"5":7,"6":2,"7":2,"8":1,"9":2,"10":7,"11":0,"12":0,"13":0,"14":0,"15":0,"16":0,"17":0,"18":0,"19":0,"20":0,"21":0,"22":0,"23":7,"24":2,"25":2,"26":2,"27":1,"28":1,"29":1,"30":1,"31":1,"32":1,"33":1,"34":7,"35":1,"36":1,"37":1,"38":1,"39":1,"40":1,"41":1,"42":1,"43":1,"44":1,"45":1,"46":1,"47":1},"f":{"0":7,"1":2,"2":0,"3":0,"4":0,"5":2,"6":1},"b":{"0":[1,1],"1":[0,0],"2":[0,0],"3":[1,1],"4":[7,0],"5":[7,0],"6":[7,0],"7":[7,0],"8":[7,0],"9":[7,1]},"_coverageSchema":"1a1c01bbd47fc00a2c39e90264f33305004495a9","hash":"86e3b7e0ab246d1e4b9780de87c2d9b882e1ae54"}
,"/Users/keerien/Documents/frontend/inna/Final_Progect/client/src/components/Post/Post.jsx": {"path":"/Users/keerien/Documents/frontend/inna/Final_Progect/client/src/components/Post/Post.jsx","statementMap":{"0":{"start":{"line":11,"column":13},"end":{"line":185,"column":1}},"1":{"start":{"line":12,"column":34},"end":{"line":12,"column":46}},"2":{"start":{"line":13,"column":40},"end":{"line":13,"column":52}},"3":{"start":{"line":14,"column":48},"end":{"line":14,"column":63}},"4":{"start":{"line":15,"column":28},"end":{"line":15,"column":42}},"5":{"start":{"line":17,"column":20},"end":{"line":17,"column":29}},"6":{"start":{"line":19,"column":48},"end":{"line":19,"column":62}},"7":{"start":{"line":21,"column":28},"end":{"line":21,"column":43}},"8":{"start":{"line":23,"column":2},"end":{"line":27,"column":25}},"9":{"start":{"line":24,"column":4},"end":{"line":26,"column":5}},"10":{"start":{"line":25,"column":6},"end":{"line":25,"column":45}},"11":{"start":{"line":29,"column":2},"end":{"line":43,"column":17}},"12":{"start":{"line":30,"column":25},"end":{"line":40,"column":5}},"13":{"start":{"line":31,"column":6},"end":{"line":39,"column":7}},"14":{"start":{"line":32,"column":8},"end":{"line":32,"column":33}},"15":{"start":{"line":33,"column":21},"end":{"line":33,"column":57}},"16":{"start":{"line":34,"column":8},"end":{"line":34,"column":26}},"17":{"start":{"line":36,"column":8},"end":{"line":36,"column":53}},"18":{"start":{"line":38,"column":8},"end":{"line":38,"column":34}},"19":{"start":{"line":42,"column":4},"end":{"line":42,"column":19}},"20":{"start":{"line":45,"column":30},"end":{"line":57,"column":3}},"21":{"start":{"line":46,"column":4},"end":{"line":46,"column":23}},"22":{"start":{"line":47,"column":4},"end":{"line":47,"column":36}},"23":{"start":{"line":47,"column":29},"end":{"line":47,"column":36}},"24":{"start":{"line":49,"column":4},"end":{"line":49,"column":19}},"25":{"start":{"line":50,"column":4},"end":{"line":56,"column":5}},"26":{"start":{"line":51,"column":25},"end":{"line":51,"column":74}},"27":{"start":{"line":52,"column":6},"end":{"line":52,"column":51}},"28":{"start":{"line":52,"column":28},"end":{"line":52,"column":49}},"29":{"start":{"line":53,"column":6},"end":{"line":53,"column":25}},"30":{"start":{"line":55,"column":6},"end":{"line":55,"column":50}},"31":{"start":{"line":59,"column":31},"end":{"line":61,"column":3}},"32":{"start":{"line":60,"column":4},"end":{"line":60,"column":34}},"33":{"start":{"line":63,"column":30},"end":{"line":75,"column":3}},"34":{"start":{"line":64,"column":4},"end":{"line":64,"column":19}},"35":{"start":{"line":65,"column":4},"end":{"line":74,"column":5}},"36":{"start":{"line":66,"column":6},"end":{"line":66,"column":50}},"37":{"start":{"line":67,"column":6},"end":{"line":69,"column":8}},"38":{"start":{"line":68,"column":8},"end":{"line":68,"column":63}},"39":{"start":{"line":68,"column":27},"end":{"line":68,"column":62}},"40":{"start":{"line":70,"column":6},"end":{"line":70,"column":31}},"41":{"start":{"line":72,"column":6},"end":{"line":72,"column":50}},"42":{"start":{"line":73,"column":6},"end":{"line":73,"column":31}},"43":{"start":{"line":77,"column":29},"end":{"line":79,"column":3}},"44":{"start":{"line":78,"column":4},"end":{"line":78,"column":29}},"45":{"start":{"line":81,"column":27},"end":{"line":83,"column":3}},"46":{"start":{"line":82,"column":4},"end":{"line":82,"column":23}},"47":{"start":{"line":85,"column":26},"end":{"line":89,"column":3}},"48":{"start":{"line":86,"column":21},"end":{"line":86,"column":27}},"49":{"start":{"line":87,"column":4},"end":{"line":87,"column":23}},"50":{"start":{"line":88,"column":4},"end":{"line":88,"column":31}},"51":{"start":{"line":91,"column":29},"end":{"line":91,"column":59}},"52":{"start":{"line":92,"column":28},"end":{"line":92,"column":62}},"53":{"start":{"line":93,"column":2},"end":{"line":93,"column":61}},"54":{"start":{"line":93,"column":36},"end":{"line":93,"column":61}},"55":{"start":{"line":94,"column":2},"end":{"line":94,"column":61}},"56":{"start":{"line":94,"column":36},"end":{"line":94,"column":61}},"57":{"start":{"line":96,"column":2},"end":{"line":184,"column":4}},"58":{"start":{"line":133,"column":12},"end":{"line":152,"column":26}},"59":{"start":{"line":147,"column":33},"end":{"line":147,"column":68}},"60":{"start":{"line":159,"column":29},"end":{"line":159,"column":59}},"61":{"start":{"line":187,"column":22},"end":{"line":196,"column":1}},"62":{"start":{"line":198,"column":20},"end":{"line":203,"column":1}},"63":{"start":{"line":205,"column":15},"end":{"line":209,"column":1}},"64":{"start":{"line":211,"column":20},"end":{"line":216,"column":1}},"65":{"start":{"line":218,"column":19},"end":{"line":235,"column":1}},"66":{"start":{"line":229,"column":23},"end":{"line":229,"column":59}},"67":{"start":{"line":237,"column":25},"end":{"line":249,"column":1}},"68":{"start":{"line":251,"column":19},"end":{"line":253,"column":1}},"69":{"start":{"line":255,"column":24},"end":{"line":257,"column":1}},"70":{"start":{"line":259,"column":21},"end":{"line":264,"column":1}},"71":{"start":{"line":266,"column":20},"end":{"line":274,"column":1}},"72":{"start":{"line":276,"column":20},"end":{"line":279,"column":1}},"73":{"start":{"line":281,"column":21},"end":{"line":287,"column":1}},"74":{"start":{"line":289,"column":20},"end":{"line":293,"column":1}},"75":{"start":{"line":295,"column":21},"end":{"line":301,"column":1}},"76":{"start":{"line":303,"column":22},"end":{"line":314,"column":1}},"77":{"start":{"line":316,"column":24},"end":{"line":321,"column":1}},"78":{"start":{"line":323,"column":23},"end":{"line":326,"column":1}},"79":{"start":{"line":328,"column":22},"end":{"line":332,"column":1}},"80":{"start":{"line":334,"column":18},"end":{"line":338,"column":1}},"81":{"start":{"line":340,"column":18},"end":{"line":345,"column":1}},"82":{"start":{"line":347,"column":20},"end":{"line":353,"column":1}},"83":{"start":{"line":355,"column":21},"end":{"line":366,"column":1}},"84":{"start":{"line":368,"column":21},"end":{"line":374,"column":1}},"85":{"start":{"line":376,"column":18},"end":{"line":379,"column":1}},"86":{"start":{"line":381,"column":21},"end":{"line":385,"column":1}},"87":{"start":{"line":387,"column":27},"end":{"line":398,"column":1}},"88":{"start":{"line":400,"column":26},"end":{"line":411,"column":1}},"89":{"start":{"line":413,"column":21},"end":{"line":417,"column":1}},"90":{"start":{"line":419,"column":18},"end":{"line":427,"column":1}}},"fnMap":{"0":{"name":"(anonymous_0)","decl":{"start":{"line":11,"column":13},"end":{"line":11,"column":14}},"loc":{"start":{"line":11,"column":51},"end":{"line":185,"column":1}},"line":11},"1":{"name":"(anonymous_1)","decl":{"start":{"line":23,"column":12},"end":{"line":23,"column":13}},"loc":{"start":{"line":23,"column":18},"end":{"line":27,"column":3}},"line":23},"2":{"name":"(anonymous_2)","decl":{"start":{"line":29,"column":12},"end":{"line":29,"column":13}},"loc":{"start":{"line":29,"column":18},"end":{"line":43,"column":3}},"line":29},"3":{"name":"(anonymous_3)","decl":{"start":{"line":30,"column":25},"end":{"line":30,"column":26}},"loc":{"start":{"line":30,"column":37},"end":{"line":40,"column":5}},"line":30},"4":{"name":"(anonymous_4)","decl":{"start":{"line":45,"column":30},"end":{"line":45,"column":31}},"loc":{"start":{"line":45,"column":43},"end":{"line":57,"column":3}},"line":45},"5":{"name":"(anonymous_5)","decl":{"start":{"line":52,"column":18},"end":{"line":52,"column":19}},"loc":{"start":{"line":52,"column":28},"end":{"line":52,"column":49}},"line":52},"6":{"name":"(anonymous_6)","decl":{"start":{"line":59,"column":31},"end":{"line":59,"column":32}},"loc":{"start":{"line":59,"column":46},"end":{"line":61,"column":3}},"line":59},"7":{"name":"(anonymous_7)","decl":{"start":{"line":63,"column":30},"end":{"line":63,"column":31}},"loc":{"start":{"line":63,"column":42},"end":{"line":75,"column":3}},"line":63},"8":{"name":"(anonymous_8)","decl":{"start":{"line":67,"column":18},"end":{"line":67,"column":19}},"loc":{"start":{"line":68,"column":8},"end":{"line":68,"column":63}},"line":68},"9":{"name":"(anonymous_9)","decl":{"start":{"line":68,"column":20},"end":{"line":68,"column":21}},"loc":{"start":{"line":68,"column":27},"end":{"line":68,"column":62}},"line":68},"10":{"name":"(anonymous_10)","decl":{"start":{"line":77,"column":29},"end":{"line":77,"column":30}},"loc":{"start":{"line":77,"column":35},"end":{"line":79,"column":3}},"line":77},"11":{"name":"(anonymous_11)","decl":{"start":{"line":81,"column":27},"end":{"line":81,"column":28}},"loc":{"start":{"line":81,"column":33},"end":{"line":83,"column":3}},"line":81},"12":{"name":"(anonymous_12)","decl":{"start":{"line":85,"column":26},"end":{"line":85,"column":27}},"loc":{"start":{"line":85,"column":32},"end":{"line":89,"column":3}},"line":85},"13":{"name":"(anonymous_13)","decl":{"start":{"line":132,"column":24},"end":{"line":132,"column":25}},"loc":{"start":{"line":133,"column":12},"end":{"line":152,"column":26}},"line":133},"14":{"name":"(anonymous_14)","decl":{"start":{"line":147,"column":27},"end":{"line":147,"column":28}},"loc":{"start":{"line":147,"column":33},"end":{"line":147,"column":68}},"line":147},"15":{"name":"(anonymous_15)","decl":{"start":{"line":159,"column":22},"end":{"line":159,"column":23}},"loc":{"start":{"line":159,"column":29},"end":{"line":159,"column":59}},"line":159},"16":{"name":"(anonymous_16)","decl":{"start":{"line":229,"column":11},"end":{"line":229,"column":12}},"loc":{"start":{"line":229,"column":23},"end":{"line":229,"column":59}},"line":229}},"branchMap":{"0":{"loc":{"start":{"line":24,"column":4},"end":{"line":26,"column":5}},"type":"if","locations":[{"start":{"line":24,"column":4},"end":{"line":26,"column":5}},{"start":{},"end":{}}],"line":24},"1":{"loc":{"start":{"line":24,"column":8},"end":{"line":24,"column":26}},"type":"binary-expr","locations":[{"start":{"line":24,"column":8},"end":{"line":24,"column":12}},{"start":{"line":24,"column":16},"end":{"line":24,"column":26}}],"line":24},"2":{"loc":{"start":{"line":47,"column":4},"end":{"line":47,"column":36}},"type":"if","locations":[{"start":{"line":47,"column":4},"end":{"line":47,"column":36}},{"start":{},"end":{}}],"line":47},"3":{"loc":{"start":{"line":68,"column":28},"end":{"line":68,"column":41}},"type":"binary-expr","locations":[{"start":{"line":68,"column":28},"end":{"line":68,"column":33}},{"start":{"line":68,"column":37},"end":{"line":68,"column":41}}],"line":68},"4":{"loc":{"start":{"line":92,"column":28},"end":{"line":92,"column":62}},"type":"cond-expr","locations":[{"start":{"line":92,"column":41},"end":{"line":92,"column":58}},{"start":{"line":92,"column":61},"end":{"line":92,"column":62}}],"line":92},"5":{"loc":{"start":{"line":93,"column":2},"end":{"line":93,"column":61}},"type":"if","locations":[{"start":{"line":93,"column":2},"end":{"line":93,"column":61}},{"start":{},"end":{}}],"line":93},"6":{"loc":{"start":{"line":93,"column":6},"end":{"line":93,"column":34}},"type":"binary-expr","locations":[{"start":{"line":93,"column":6},"end":{"line":93,"column":11}},{"start":{"line":93,"column":15},"end":{"line":93,"column":34}}],"line":93},"7":{"loc":{"start":{"line":94,"column":2},"end":{"line":94,"column":61}},"type":"if","locations":[{"start":{"line":94,"column":2},"end":{"line":94,"column":61}},{"start":{},"end":{}}],"line":94},"8":{"loc":{"start":{"line":94,"column":6},"end":{"line":94,"column":34}},"type":"binary-expr","locations":[{"start":{"line":94,"column":6},"end":{"line":94,"column":12}},{"start":{"line":94,"column":16},"end":{"line":94,"column":34}}],"line":94},"9":{"loc":{"start":{"line":101,"column":17},"end":{"line":101,"column":62}},"type":"binary-expr","locations":[{"start":{"line":101,"column":17},"end":{"line":101,"column":37}},{"start":{"line":101,"column":41},"end":{"line":101,"column":62}}],"line":101},"10":{"loc":{"start":{"line":108,"column":9},"end":{"line":112,"column":16}},"type":"cond-expr","locations":[{"start":{"line":109,"column":10},"end":{"line":111,"column":25}},{"start":{"line":112,"column":12},"end":{"line":112,"column":16}}],"line":108},"11":{"loc":{"start":{"line":124,"column":13},"end":{"line":124,"column":32}},"type":"cond-expr","locations":[{"start":{"line":124,"column":21},"end":{"line":124,"column":25}},{"start":{"line":124,"column":28},"end":{"line":124,"column":32}}],"line":124},"12":{"loc":{"start":{"line":127,"column":11},"end":{"line":129,"column":11}},"type":"binary-expr","locations":[{"start":{"line":127,"column":11},"end":{"line":127,"column":37}},{"start":{"line":128,"column":12},"end":{"line":128,"column":79}}],"line":127},"13":{"loc":{"start":{"line":133,"column":30},"end":{"line":133,"column":43}},"type":"binary-expr","locations":[{"start":{"line":133,"column":30},"end":{"line":133,"column":35}},{"start":{"line":133,"column":39},"end":{"line":133,"column":43}}],"line":133},"14":{"loc":{"start":{"line":136,"column":23},"end":{"line":136,"column":65}},"type":"binary-expr","locations":[{"start":{"line":136,"column":23},"end":{"line":136,"column":40}},{"start":{"line":136,"column":44},"end":{"line":136,"column":65}}],"line":136},"15":{"loc":{"start":{"line":137,"column":26},"end":{"line":137,"column":53}},"type":"binary-expr","locations":[{"start":{"line":137,"column":26},"end":{"line":137,"column":43}},{"start":{"line":137,"column":47},"end":{"line":137,"column":53}}],"line":137},"16":{"loc":{"start":{"line":140,"column":34},"end":{"line":140,"column":63}},"type":"binary-expr","locations":[{"start":{"line":140,"column":34},"end":{"line":140,"column":51}},{"start":{"line":140,"column":55},"end":{"line":140,"column":63}}],"line":140},"17":{"loc":{"start":{"line":141,"column":32},"end":{"line":141,"column":51}},"type":"binary-expr","locations":[{"start":{"line":141,"column":32},"end":{"line":141,"column":41}},{"start":{"line":141,"column":45},"end":{"line":141,"column":51}}],"line":141},"18":{"loc":{"start":{"line":145,"column":15},"end":{"line":151,"column":15}},"type":"binary-expr","locations":[{"start":{"line":145,"column":15},"end":{"line":145,"column":55}},{"start":{"line":146,"column":16},"end":{"line":150,"column":31}}],"line":145},"19":{"loc":{"start":{"line":145,"column":29},"end":{"line":145,"column":54}},"type":"binary-expr","locations":[{"start":{"line":145,"column":29},"end":{"line":145,"column":40}},{"start":{"line":145,"column":44},"end":{"line":145,"column":54}}],"line":145},"20":{"loc":{"start":{"line":147,"column":54},"end":{"line":147,"column":67}},"type":"binary-expr","locations":[{"start":{"line":147,"column":54},"end":{"line":147,"column":59}},{"start":{"line":147,"column":63},"end":{"line":147,"column":67}}],"line":147},"21":{"loc":{"start":{"line":165,"column":9},"end":{"line":165,"column":48}},"type":"binary-expr","locations":[{"start":{"line":165,"column":9},"end":{"line":165,"column":14}},{"start":{"line":165,"column":18},"end":{"line":165,"column":48}}],"line":165},"22":{"loc":{"start":{"line":168,"column":7},"end":{"line":182,"column":7}},"type":"binary-expr","locations":[{"start":{"line":168,"column":7},"end":{"line":168,"column":22}},{"start":{"line":169,"column":8},"end":{"line":181,"column":23}}],"line":168},"23":{"loc":{"start":{"line":229,"column":23},"end":{"line":229,"column":59}},"type":"cond-expr","locations":[{"start":{"line":229,"column":38},"end":{"line":229,"column":47}},{"start":{"line":229,"column":50},"end":{"line":229,"column":59}}],"line":229}},"s":{"0":1,"1":10,"2":10,"3":10,"4":10,"5":10,"6":10,"7":10,"8":10,"9":3,"10":3,"11":10,"12":3,"13":3,"14":3,"15":3,"16":3,"17":0,"18":3,"19":3,"20":10,"21":1,"22":1,"23":0,"24":1,"25":1,"26":1,"27":1,"28":1,"29":1,"30":0,"31":10,"32":0,"33":10,"34":0,"35":0,"36":0,"37":0,"38":0,"39":0,"40":0,"41":0,"42":0,"43":10,"44":0,"45":10,"46":0,"47":10,"48":0,"49":0,"50":0,"51":10,"52":10,"53":10,"54":0,"55":10,"56":0,"57":10,"58":1,"59":0,"60":1,"61":1,"62":1,"63":1,"64":1,"65":1,"66":9,"67":1,"68":1,"69":1,"70":1,"71":1,"72":1,"73":1,"74":1,"75":1,"76":1,"77":1,"78":1,"79":1,"80":1,"81":1,"82":1,"83":1,"84":1,"85":1,"86":1,"87":1,"88":1,"89":1,"90":1},"f":{"0":10,"1":3,"2":3,"3":3,"4":1,"5":1,"6":0,"7":0,"8":0,"9":0,"10":0,"11":0,"12":0,"13":1,"14":0,"15":1,"16":9},"b":{"0":[3,0],"1":[3,3],"2":[0,1],"3":[0,0],"4":[10,0],"5":[0,10],"6":[10,0],"7":[0,10],"8":[10,10],"9":[10,10],"10":[0,10],"11":[0,10],"12":[10,2],"13":[1,1],"14":[1,1],"15":[1,0],"16":[1,0],"17":[1,0],"18":[1,1],"19":[1,1],"20":[0,0],"21":[10,0],"22":[10,0],"23":[0,9]},"_coverageSchema":"1a1c01bbd47fc00a2c39e90264f33305004495a9","hash":"e1e0d5f7928b6f27b3f208336a0429f7172c6ea0"}
,"/Users/keerien/Documents/frontend/inna/Final_Progect/client/src/context/AuthContext.jsx": {"path":"/Users/keerien/Documents/frontend/inna/Final_Progect/client/src/context/AuthContext.jsx","statementMap":{"0":{"start":{"line":4,"column":27},"end":{"line":4,"column":46}},"1":{"start":{"line":6,"column":23},"end":{"line":6,"column":52}},"2":{"start":{"line":6,"column":29},"end":{"line":6,"column":52}},"3":{"start":{"line":8,"column":28},"end":{"line":94,"column":1}},"4":{"start":{"line":9,"column":31},"end":{"line":12,"column":4}},"5":{"start":{"line":10,"column":22},"end":{"line":10,"column":57}},"6":{"start":{"line":11,"column":4},"end":{"line":11,"column":52}},"7":{"start":{"line":14,"column":28},"end":{"line":14,"column":73}},"8":{"start":{"line":14,"column":43},"end":{"line":14,"column":72}},"9":{"start":{"line":15,"column":32},"end":{"line":15,"column":46}},"10":{"start":{"line":17,"column":18},"end":{"line":48,"column":3}},"11":{"start":{"line":18,"column":4},"end":{"line":22,"column":5}},"12":{"start":{"line":19,"column":6},"end":{"line":19,"column":45}},"13":{"start":{"line":20,"column":6},"end":{"line":20,"column":25}},"14":{"start":{"line":21,"column":6},"end":{"line":21,"column":13}},"15":{"start":{"line":33,"column":8},"end":{"line":33,"column":25}},"16":{"start":{"line":35,"column":21},"end":{"line":45,"column":5}},"17":{"start":{"line":46,"column":4},"end":{"line":46,"column":66}},"18":{"start":{"line":47,"column":4},"end":{"line":47,"column":27}},"19":{"start":{"line":50,"column":22},"end":{"line":61,"column":3}},"20":{"start":{"line":51,"column":4},"end":{"line":60,"column":5}},"21":{"start":{"line":52,"column":23},"end":{"line":52,"column":48}},"22":{"start":{"line":54,"column":6},"end":{"line":54,"column":29}},"23":{"start":{"line":56,"column":6},"end":{"line":56,"column":47}},"24":{"start":{"line":57,"column":6},"end":{"line":57,"column":15}},"25":{"start":{"line":59,"column":6},"end":{"line":59,"column":24}},"26":{"start":{"line":63,"column":2},"end":{"line":73,"column":14}},"27":{"start":{"line":64,"column":4},"end":{"line":72,"column":5}},"28":{"start":{"line":65,"column":6},"end":{"line":65,"column":23}},"29":{"start":{"line":66,"column":6},"end":{"line":66,"column":43}},"30":{"start":{"line":67,"column":6},"end":{"line":67,"column":20}},"31":{"start":{"line":69,"column":6},"end":{"line":69,"column":39}},"32":{"start":{"line":70,"column":6},"end":{"line":70,"column":20}},"33":{"start":{"line":71,"column":6},"end":{"line":71,"column":24}},"34":{"start":{"line":75,"column":16},"end":{"line":79,"column":3}},"35":{"start":{"line":76,"column":4},"end":{"line":76,"column":23}},"36":{"start":{"line":77,"column":4},"end":{"line":77,"column":22}},"37":{"start":{"line":78,"column":4},"end":{"line":78,"column":22}},"38":{"start":{"line":81,"column":17},"end":{"line":85,"column":3}},"39":{"start":{"line":82,"column":4},"end":{"line":82,"column":19}},"40":{"start":{"line":83,"column":4},"end":{"line":83,"column":18}},"41":{"start":{"line":84,"column":4},"end":{"line":84,"column":43}},"42":{"start":{"line":87,"column":2},"end":{"line":93,"column":4}}},"fnMap":{"0":{"name":"(anonymous_0)","decl":{"start":{"line":6,"column":23},"end":{"line":6,"column":24}},"loc":{"start":{"line":6,"column":29},"end":{"line":6,"column":52}},"line":6},"1":{"name":"(anonymous_1)","decl":{"start":{"line":8,"column":28},"end":{"line":8,"column":29}},"loc":{"start":{"line":8,"column":46},"end":{"line":94,"column":1}},"line":8},"2":{"name":"(anonymous_2)","decl":{"start":{"line":9,"column":40},"end":{"line":9,"column":41}},"loc":{"start":{"line":9,"column":46},"end":{"line":12,"column":3}},"line":9},"3":{"name":"(anonymous_3)","decl":{"start":{"line":14,"column":37},"end":{"line":14,"column":38}},"loc":{"start":{"line":14,"column":43},"end":{"line":14,"column":72}},"line":14},"4":{"name":"(anonymous_4)","decl":{"start":{"line":17,"column":18},"end":{"line":17,"column":19}},"loc":{"start":{"line":17,"column":35},"end":{"line":48,"column":3}},"line":17},"5":{"name":"(anonymous_5)","decl":{"start":{"line":50,"column":22},"end":{"line":50,"column":23}},"loc":{"start":{"line":50,"column":34},"end":{"line":61,"column":3}},"line":50},"6":{"name":"(anonymous_6)","decl":{"start":{"line":63,"column":12},"end":{"line":63,"column":13}},"loc":{"start":{"line":63,"column":18},"end":{"line":73,"column":3}},"line":63},"7":{"name":"(anonymous_7)","decl":{"start":{"line":75,"column":16},"end":{"line":75,"column":17}},"loc":{"start":{"line":75,"column":40},"end":{"line":79,"column":3}},"line":75},"8":{"name":"(anonymous_8)","decl":{"start":{"line":81,"column":17},"end":{"line":81,"column":18}},"loc":{"start":{"line":81,"column":23},"end":{"line":85,"column":3}},"line":81}},"branchMap":{"0":{"loc":{"start":{"line":11,"column":11},"end":{"line":11,"column":51}},"type":"cond-expr","locations":[{"start":{"line":11,"column":23},"end":{"line":11,"column":44}},{"start":{"line":11,"column":47},"end":{"line":11,"column":51}}],"line":11},"1":{"loc":{"start":{"line":18,"column":4},"end":{"line":22,"column":5}},"type":"if","locations":[{"start":{"line":18,"column":4},"end":{"line":22,"column":5}},{"start":{},"end":{}}],"line":18},"2":{"loc":{"start":{"line":33,"column":8},"end":{"line":33,"column":25}},"type":"binary-expr","locations":[{"start":{"line":33,"column":8},"end":{"line":33,"column":19}},{"start":{"line":33,"column":23},"end":{"line":33,"column":25}}],"line":33},"3":{"loc":{"start":{"line":64,"column":4},"end":{"line":72,"column":5}},"type":"if","locations":[{"start":{"line":64,"column":4},"end":{"line":72,"column":5}},{"start":{"line":68,"column":11},"end":{"line":72,"column":5}}],"line":64}},"s":{"0":1,"1":1,"2":0,"3":1,"4":0,"5":0,"6":0,"7":0,"8":0,"9":0,"10":0,"11":0,"12":0,"13":0,"14":0,"15":0,"16":0,"17":0,"18":0,"19":0,"20":0,"21":0,"22":0,"23":0,"24":0,"25":0,"26":0,"27":0,"28":0,"29":0,"30":0,"31":0,"32":0,"33":0,"34":0,"35":0,"36":0,"37":0,"38":0,"39":0,"40":0,"41":0,"42":0},"f":{"0":0,"1":0,"2":0,"3":0,"4":0,"5":0,"6":0,"7":0,"8":0},"b":{"0":[0,0],"1":[0,0],"2":[0,0],"3":[0,0]},"_coverageSchema":"1a1c01bbd47fc00a2c39e90264f33305004495a9","hash":"41c5710537a9f2c7ef88ba726c2c8c224ae211b9"}
}
