TN:
SF:src/api/apiClient.js
FN:11,(anonymous_0)
FN:19,(anonymous_1)
FN:25,(anonymous_2)
FN:26,(anonymous_3)
FNF:4
FNH:0
FNDA:0,(anonymous_0)
FNDA:0,(anonymous_1)
FNDA:0,(anonymous_2)
FNDA:0,(anonymous_3)
DA:3,1
DA:10,1
DA:12,0
DA:14,0
DA:15,0
DA:17,0
DA:20,0
DA:24,1
DA:25,0
DA:27,0
DA:28,0
DA:30,0
LF:12
LH:3
BRDA:14,0,0,0
BRDA:14,0,1,0
BRDA:27,1,0,0
BRDA:27,1,1,0
BRDA:27,2,0,0
BRDA:27,2,1,0
BRF:6
BRH:0
end_of_record
TN:
SF:src/api/commentService.js
FN:3,(anonymous_0)
FN:10,(anonymous_1)
FN:13,(anonymous_2)
FN:19,(anonymous_3)
FN:22,(anonymous_4)
FN:24,(anonymous_5)
FN:25,(anonymous_6)
FN:27,(anonymous_7)
FN:28,(anonymous_8)
FNF:9
FNH:0
FNDA:0,(anonymous_0)
FNDA:0,(anonymous_1)
FNDA:0,(anonymous_2)
FNDA:0,(anonymous_3)
FNDA:0,(anonymous_4)
FNDA:0,(anonymous_5)
FNDA:0,(anonymous_6)
FNDA:0,(anonymous_7)
FNDA:0,(anonymous_8)
DA:3,1
DA:4,0
DA:5,0
DA:8,0
DA:11,0
DA:14,0
DA:15,0
DA:19,1
DA:20,0
DA:22,0
DA:24,1
DA:25,0
DA:27,1
DA:28,0
LF:14
LH:4
BRDA:4,0,0,0
BRDA:4,0,1,0
BRF:2
BRH:0
end_of_record
TN:
SF:src/components/Post/CreatePostForm.jsx
FN:5,(anonymous_0)
FN:11,(anonymous_1)
FN:17,(anonymous_2)
FN:22,(anonymous_3)
FN:28,(anonymous_4)
FN:37,(anonymous_5)
FN:90,(anonymous_6)
FNF:7
FNH:4
FNDA:7,(anonymous_0)
FNDA:2,(anonymous_1)
FNDA:0,(anonymous_2)
FNDA:0,(anonymous_3)
FNDA:0,(anonymous_4)
FNDA:2,(anonymous_5)
FNDA:1,(anonymous_6)
DA:5,1
DA:6,7
DA:7,7
DA:8,7
DA:9,7
DA:11,7
DA:12,2
DA:13,2
DA:14,2
DA:17,7
DA:18,0
DA:19,0
DA:21,0
DA:22,0
DA:24,0
DA:25,0
DA:26,0
DA:28,0
DA:33,0
DA:37,7
DA:38,2
DA:39,2
DA:41,2
DA:42,1
DA:43,1
DA:46,1
DA:53,1
DA:55,1
DA:56,1
DA:57,1
DA:60,7
DA:90,1
DA:109,1
DA:120,1
DA:127,1
DA:135,1
DA:144,1
DA:148,1
DA:156,1
DA:162,1
DA:168,1
DA:188,1
DA:203,1
DA:209,1
LF:44
LH:35
BRDA:13,0,0,1
BRDA:13,0,1,1
BRDA:19,1,0,0
BRDA:19,1,1,0
BRDA:30,2,0,0
BRDA:30,2,1,0
BRDA:41,3,0,1
BRDA:41,3,1,1
BRDA:64,4,0,7
BRDA:64,4,1,0
BRDA:79,5,0,7
BRDA:79,5,1,0
BRDA:81,6,0,7
BRDA:81,6,1,0
BRDA:83,7,0,7
BRDA:83,7,1,0
BRDA:85,8,0,7
BRDA:85,8,1,0
BRDA:94,9,0,7
BRDA:94,9,1,1
BRF:20
BRH:11
end_of_record
TN:
SF:src/components/Post/Post.jsx
FN:11,(anonymous_0)
FN:23,(anonymous_1)
FN:29,(anonymous_2)
FN:30,(anonymous_3)
FN:45,(anonymous_4)
FN:52,(anonymous_5)
FN:59,(anonymous_6)
FN:63,(anonymous_7)
FN:67,(anonymous_8)
FN:68,(anonymous_9)
FN:77,(anonymous_10)
FN:81,(anonymous_11)
FN:85,(anonymous_12)
FN:132,(anonymous_13)
FN:147,(anonymous_14)
FN:159,(anonymous_15)
FN:229,(anonymous_16)
FNF:17
FNH:9
FNDA:10,(anonymous_0)
FNDA:3,(anonymous_1)
FNDA:3,(anonymous_2)
FNDA:3,(anonymous_3)
FNDA:1,(anonymous_4)
FNDA:1,(anonymous_5)
FNDA:0,(anonymous_6)
FNDA:0,(anonymous_7)
FNDA:0,(anonymous_8)
FNDA:0,(anonymous_9)
FNDA:0,(anonymous_10)
FNDA:0,(anonymous_11)
FNDA:0,(anonymous_12)
FNDA:1,(anonymous_13)
FNDA:0,(anonymous_14)
FNDA:1,(anonymous_15)
FNDA:9,(anonymous_16)
DA:11,1
DA:12,10
DA:13,10
DA:14,10
DA:15,10
DA:17,10
DA:19,10
DA:21,10
DA:23,10
DA:24,3
DA:25,3
DA:29,10
DA:30,3
DA:31,3
DA:32,3
DA:33,3
DA:34,3
DA:36,0
DA:38,3
DA:42,3
DA:45,10
DA:46,1
DA:47,1
DA:49,1
DA:50,1
DA:51,1
DA:52,1
DA:53,1
DA:55,0
DA:59,10
DA:60,0
DA:63,10
DA:64,0
DA:65,0
DA:66,0
DA:67,0
DA:68,0
DA:70,0
DA:72,0
DA:73,0
DA:77,10
DA:78,0
DA:81,10
DA:82,0
DA:85,10
DA:86,0
DA:87,0
DA:88,0
DA:91,10
DA:92,10
DA:93,10
DA:94,10
DA:96,10
DA:133,1
DA:147,0
DA:159,1
DA:187,1
DA:198,1
DA:205,1
DA:211,1
DA:218,1
DA:229,9
DA:237,1
DA:251,1
DA:255,1
DA:259,1
DA:266,1
DA:276,1
DA:281,1
DA:289,1
DA:295,1
DA:303,1
DA:316,1
DA:323,1
DA:328,1
DA:334,1
DA:340,1
DA:347,1
DA:355,1
DA:368,1
DA:376,1
DA:381,1
DA:387,1
DA:400,1
DA:413,1
DA:419,1
LF:86
LH:69
BRDA:24,0,0,3
BRDA:24,0,1,0
BRDA:24,1,0,3
BRDA:24,1,1,3
BRDA:47,2,0,0
BRDA:47,2,1,1
BRDA:68,3,0,0
BRDA:68,3,1,0
BRDA:92,4,0,10
BRDA:92,4,1,0
BRDA:93,5,0,0
BRDA:93,5,1,10
BRDA:93,6,0,10
BRDA:93,6,1,0
BRDA:94,7,0,0
BRDA:94,7,1,10
BRDA:94,8,0,10
BRDA:94,8,1,10
BRDA:101,9,0,10
BRDA:101,9,1,10
BRDA:108,10,0,0
BRDA:108,10,1,10
BRDA:124,11,0,0
BRDA:124,11,1,10
BRDA:127,12,0,10
BRDA:127,12,1,2
BRDA:133,13,0,1
BRDA:133,13,1,1
BRDA:136,14,0,1
BRDA:136,14,1,1
BRDA:137,15,0,1
BRDA:137,15,1,0
BRDA:140,16,0,1
BRDA:140,16,1,0
BRDA:141,17,0,1
BRDA:141,17,1,0
BRDA:145,18,0,1
BRDA:145,18,1,1
BRDA:145,19,0,1
BRDA:145,19,1,1
BRDA:147,20,0,0
BRDA:147,20,1,0
BRDA:165,21,0,10
BRDA:165,21,1,0
BRDA:168,22,0,10
BRDA:168,22,1,0
BRDA:229,23,0,0
BRDA:229,23,1,9
BRF:48
BRH:30
end_of_record
TN:
SF:src/context/AuthContext.jsx
FN:6,(anonymous_0)
FN:8,(anonymous_1)
FN:9,(anonymous_2)
FN:14,(anonymous_3)
FN:17,(anonymous_4)
FN:50,(anonymous_5)
FN:63,(anonymous_6)
FN:75,(anonymous_7)
FN:81,(anonymous_8)
FNF:9
FNH:0
FNDA:0,(anonymous_0)
FNDA:0,(anonymous_1)
FNDA:0,(anonymous_2)
FNDA:0,(anonymous_3)
FNDA:0,(anonymous_4)
FNDA:0,(anonymous_5)
FNDA:0,(anonymous_6)
FNDA:0,(anonymous_7)
FNDA:0,(anonymous_8)
DA:4,1
DA:6,1
DA:8,1
DA:9,0
DA:10,0
DA:11,0
DA:14,0
DA:15,0
DA:17,0
DA:18,0
DA:19,0
DA:20,0
DA:21,0
DA:33,0
DA:35,0
DA:46,0
DA:47,0
DA:50,0
DA:51,0
DA:52,0
DA:54,0
DA:56,0
DA:57,0
DA:59,0
DA:63,0
DA:64,0
DA:65,0
DA:66,0
DA:67,0
DA:69,0
DA:70,0
DA:71,0
DA:75,0
DA:76,0
DA:77,0
DA:78,0
DA:81,0
DA:82,0
DA:83,0
DA:84,0
DA:87,0
LF:41
LH:3
BRDA:11,0,0,0
BRDA:11,0,1,0
BRDA:18,1,0,0
BRDA:18,1,1,0
BRDA:33,2,0,0
BRDA:33,2,1,0
BRDA:64,3,0,0
BRDA:64,3,1,0
BRF:8
BRH:0
end_of_record
